<?xml version="1.0" encoding="UTF-8"?>
<testng-results ignored="0" total="3" passed="3" failed="0" skipped="0">
  <reporter-output>
  </reporter-output>
  <suite started-at="2023-02-27T16:39:11 PST" name="GitHub Integration - Guru99 Web Test Suite" finished-at="2023-02-27T16:39:48 PST" duration-ms="37263">
    <groups>
    </groups>
    <test started-at="2023-02-27T16:39:11 PST" name="Test Guru99 Website Page - GitHub Integration" finished-at="2023-02-27T16:39:48 PST" duration-ms="37263">
      <class name="com.testcases.SampleTest">
        <test-method is-config="true" signature="setup()[pri:0, instance:com.testcases.SampleTest@7c7b252e]" started-at="2023-02-27T16:39:11 PST" name="setup" finished-at="2023-02-27T16:39:48 PST" duration-ms="36615" status="PASS">
          <reporter-output>
          </reporter-output>
        </test-method> <!-- setup -->
        <test-method signature="TC_1()[pri:0, instance:com.testcases.SampleTest@7c7b252e]" started-at="2023-02-27T16:39:48 PST" name="TC_1" finished-at="2023-02-27T16:39:48 PST" duration-ms="27" status="PASS">
          <reporter-output>
          </reporter-output>
        </test-method> <!-- TC_1 -->
        <test-method signature="TC_2()[pri:0, instance:com.testcases.SampleTest@7c7b252e]" started-at="2023-02-27T16:39:48 PST" name="TC_2" finished-at="2023-02-27T16:39:48 PST" duration-ms="6" status="PASS">
          <reporter-output>
          </reporter-output>
        </test-method> <!-- TC_2 -->
        <test-method signature="TC_3()[pri:0, instance:com.testcases.SampleTest@7c7b252e]" started-at="2023-02-27T16:39:48 PST" name="TC_3" finished-at="2023-02-27T16:39:48 PST" duration-ms="2" status="PASS">
          <reporter-output>
          </reporter-output>
        </test-method> <!-- TC_3 -->
        <test-method is-config="true" signature="teardown()[pri:0, instance:com.testcases.SampleTest@7c7b252e]" started-at="2023-02-27T16:39:48 PST" name="teardown" finished-at="2023-02-27T16:39:48 PST" duration-ms="521" status="PASS">
          <reporter-output>
          </reporter-output>
        </test-method> <!-- teardown -->
      </class> <!-- com.testcases.SampleTest -->
    </test> <!-- Test Guru99 Website Page - GitHub Integration -->
  </suite> <!-- GitHub Integration - Guru99 Web Test Suite -->
</testng-results>
