<?xml version="1.0" encoding="UTF-8"?>
<!-- Generated by org.testng.reporters.JUnitXMLReporter -->
<testsuite ignored="0" hostname="102416-SEC8-EGalang" failures="0" tests="3" name="Test Guru99 Website Page - GitHub Integration" time="37.263" errors="0" timestamp="2023-02-27T16:39:48 PST">
  <testcase classname="com.testcases.SampleTest" name="TC_1" time="0.027"/>
  <testcase classname="com.testcases.SampleTest" name="TC_2" time="0.006"/>
  <testcase classname="com.testcases.SampleTest" name="TC_3" time="0.002"/>
</testsuite> <!-- Test Guru99 Website Page - GitHub Integration -->
