<?xml version="1.0" encoding="UTF-8"?>
<!-- Generated by org.testng.reporters.JUnitXMLReporter -->
<testsuite ignored="0" hostname="102416-SEC8-EGalang" failures="0" tests="3" name="Test Guru99 Website Page - GitHub Integration" time="31.865" errors="0" timestamp="2023-02-27T20:56:34 PST">
  <testcase classname="com.testcases.SampleTest" name="TC_1" time="0.009"/>
  <testcase classname="com.testcases.SampleTest" name="TC_2" time="0.003"/>
  <testcase classname="com.testcases.SampleTest" name="TC_3" time="0.007"/>
</testsuite> <!-- Test Guru99 Website Page - GitHub Integration -->
